# JRE version: OpenJDK Runtime Environment (21.0.2+13) (build 21.0.2+13-58)
# Java VM: OpenJDK 64-Bit Server VM (21.0.2+13-58, mixed mode, sharing, tiered, compressed oops, compressed class ptrs, g1 gc, windows-amd64)
GC Precious Log:
 CardTable entry size: 512
 Card Set container configuration: InlinePtr #cards 4 size 8 Array Of Cards #cards 16 size 48 Howl #buckets 8 coarsen threshold 3686 Howl Bitmap #cards 512 size 80 coarsen threshold 460 Card regions per heap region 1 cards per card region 4096
 CPUs: 12 total, 12 available
 Memory: 15713M
 Large Page Support: Disabled
 NUMA Support: Disabled
 Compressed Oops: Enabled (Zero based)
 Heap Region Size: 2M
 Heap Min Capacity: 8M
 Heap Initial Capacity: 246M
 Heap Max Capacity: 3930M
 Pre-touch: Disabled
 Parallel Workers: 10
 Concurrent Workers: 3
 Concurrent Refinement Workers: 10
 Periodic GC: Disabled
Heap:
 garbage-first heap   total 169984K, used 49068K [0x000000070a600000, 0x0000000800000000)
  region size 2048K, 3 young (6144K), 2 survivors (4096K)
 Metaspace       used 90830K, committed 92160K, reserved 1179648K
  class space    used 12311K, committed 12864K, reserved 1048576K
GC Heap History (20 events):
Event: 6.910 GC heap before
{Heap before GC invocations=20 (full 0):
 garbage-first heap   total 106496K, used 91962K [0x000000070a600000, 0x0000000800000000)
  region size 2048K, 21 young (43008K), 3 survivors (6144K)
 Metaspace       used 76206K, committed 76992K, reserved 1179648K
  class space    used 10461K, committed 10816K, reserved 1048576K
}
Event: 6.914 GC heap after
{Heap after GC invocations=21 (full 0):
 garbage-first heap   total 169984K, used 57094K [0x000000070a600000, 0x0000000800000000)
  region size 2048K, 1 young (2048K), 1 survivors (2048K)
 Metaspace       used 76206K, committed 76992K, reserved 1179648K
  class space    used 10461K, committed 10816K, reserved 1048576K
}
Event: 160.036 GC heap before
{Heap before GC invocations=22 (full 0):
 garbage-first heap   total 169984K, used 145158K [0x000000070a600000, 0x0000000800000000)
  region size 2048K, 44 young (90112K), 1 survivors (2048K)
 Metaspace       used 86688K, committed 87552K, reserved 1179648K
  class space    used 11900K, committed 12288K, reserved 1048576K
}
Event: 160.042 GC heap after
{Heap after GC invocations=23 (full 0):
 garbage-first heap   total 169984K, used 63105K [0x000000070a600000, 0x0000000800000000)
  region size 2048K, 4 young (8192K), 4 survivors (8192K)
 Metaspace       used 86688K, committed 87552K, reserved 1179648K
  class space    used 11900K, committed 12288K, reserved 1048576K
}
Event: 564.092 GC heap before
{Heap before GC invocations=23 (full 0):
 garbage-first heap   total 169984K, used 142977K [0x000000070a600000, 0x0000000800000000)
  region size 2048K, 43 young (88064K), 4 survivors (8192K)
 Metaspace       used 90944K, committed 91776K, reserved 1179648K
  class space    used 12426K, committed 12800K, reserved 1048576K
}
Event: 564.125 GC heap after
{Heap after GC invocations=24 (full 0):
 garbage-first heap   total 169984K, used 66045K [0x000000070a600000, 0x0000000800000000)
  region size 2048K, 2 young (4096K), 2 survivors (4096K)
 Metaspace       used 90944K, committed 91776K, reserved 1179648K
  class space    used 12426K, committed 12800K, reserved 1048576K
}
Event: 1524.505 GC heap before
{Heap before GC invocations=24 (full 0):
 garbage-first heap   total 169984K, used 145917K [0x000000070a600000, 0x0000000800000000)
  region size 2048K, 41 young (83968K), 2 survivors (4096K)
 Metaspace       used 90972K, committed 91776K, reserved 1179648K
  class space    used 12426K, committed 12800K, reserved 1048576K
}
Event: 1524.548 GC heap after
{Heap after GC invocations=25 (full 0):
 garbage-first heap   total 169984K, used 65532K [0x000000070a600000, 0x0000000800000000)
  region size 2048K, 2 young (4096K), 2 survivors (4096K)
 Metaspace       used 90972K, committed 91776K, reserved 1179648K
  class space    used 12426K, committed 12800K, reserved 1048576K
}
Event: 2509.209 GC heap before
{Heap before GC invocations=25 (full 0):
 garbage-first heap   total 169984K, used 151548K [0x000000070a600000, 0x0000000800000000)
  region size 2048K, 44 young (90112K), 2 survivors (4096K)
 Metaspace       used 91127K, committed 92032K, reserved 1179648K
  class space    used 12431K, committed 12864K, reserved 1048576K
}
Event: 2509.268 GC heap after
{Heap after GC invocations=26 (full 0):
 garbage-first heap   total 169984K, used 65865K [0x000000070a600000, 0x0000000800000000)
  region size 2048K, 2 young (4096K), 2 survivors (4096K)
 Metaspace       used 91127K, committed 92032K, reserved 1179648K
  class space    used 12431K, committed 12864K, reserved 1048576K
}
Event: 3563.496 GC heap before
{Heap before GC invocations=27 (full 0):
 garbage-first heap   total 169984K, used 153929K [0x000000070a600000, 0x0000000800000000)
  region size 2048K, 45 young (92160K), 2 survivors (4096K)
 Metaspace       used 91135K, committed 92032K, reserved 1179648K
  class space    used 12431K, committed 12864K, reserved 1048576K
}
Event: 3563.542 GC heap after
{Heap after GC invocations=28 (full 0):
 garbage-first heap   total 169984K, used 66143K [0x000000070a600000, 0x0000000800000000)
  region size 2048K, 2 young (4096K), 2 survivors (4096K)
 Metaspace       used 91135K, committed 92032K, reserved 1179648K
  class space    used 12431K, committed 12864K, reserved 1048576K
}
Event: 4585.534 GC heap before
{Heap before GC invocations=28 (full 0):
 garbage-first heap   total 169984K, used 154207K [0x000000070a600000, 0x0000000800000000)
  region size 2048K, 45 young (92160K), 2 survivors (4096K)
 Metaspace       used 91174K, committed 92096K, reserved 1179648K
  class space    used 12431K, committed 12864K, reserved 1048576K
}
Event: 4585.631 GC heap after
{Heap after GC invocations=29 (full 0):
 garbage-first heap   total 169984K, used 54537K [0x000000070a600000, 0x0000000800000000)
  region size 2048K, 2 young (4096K), 2 survivors (4096K)
 Metaspace       used 91174K, committed 92096K, reserved 1179648K
  class space    used 12431K, committed 12864K, reserved 1048576K
}
Event: 5697.479 GC heap before
{Heap before GC invocations=29 (full 0):
 garbage-first heap   total 169984K, used 150793K [0x000000070a600000, 0x0000000800000000)
  region size 2048K, 49 young (100352K), 2 survivors (4096K)
 Metaspace       used 91229K, committed 92096K, reserved 1179648K
  class space    used 12431K, committed 12864K, reserved 1048576K
}
Event: 5697.586 GC heap after
{Heap after GC invocations=30 (full 0):
 garbage-first heap   total 169984K, used 54364K [0x000000070a600000, 0x0000000800000000)
  region size 2048K, 2 young (4096K), 2 survivors (4096K)
 Metaspace       used 91229K, committed 92096K, reserved 1179648K
  class space    used 12431K, committed 12864K, reserved 1048576K
}
Event: 6878.512 GC heap before
{Heap before GC invocations=31 (full 0):
 garbage-first heap   total 169984K, used 150620K [0x000000070a600000, 0x0000000800000000)
  region size 2048K, 49 young (100352K), 2 survivors (4096K)
 Metaspace       used 90786K, committed 92096K, reserved 1179648K
  class space    used 12311K, committed 12864K, reserved 1048576K
}
Event: 6878.566 GC heap after
{Heap after GC invocations=32 (full 0):
 garbage-first heap   total 169984K, used 53927K [0x000000070a600000, 0x0000000800000000)
  region size 2048K, 2 young (4096K), 2 survivors (4096K)
 Metaspace       used 90786K, committed 92096K, reserved 1179648K
  class space    used 12311K, committed 12864K, reserved 1048576K
}
Event: 7998.029 GC heap before
{Heap before GC invocations=32 (full 0):
 garbage-first heap   total 169984K, used 150183K [0x000000070a600000, 0x0000000800000000)
  region size 2048K, 49 young (100352K), 2 survivors (4096K)
 Metaspace       used 90830K, committed 92160K, reserved 1179648K
  class space    used 12311K, committed 12864K, reserved 1048576K
}
Event: 7998.135 GC heap after
{Heap after GC invocations=33 (full 0):
 garbage-first heap   total 169984K, used 49068K [0x000000070a600000, 0x0000000800000000)
  region size 2048K, 2 young (4096K), 2 survivors (4096K)
 Metaspace       used 90830K, committed 92160K, reserved 1179648K
  class space    used 12311K, committed 12864K, reserved 1048576K
}

